<?xml version="1.0" encoding="UTF-8"?>
<testsuite name="com.example.songr.SongrApplicationTests" tests="1" skipped="0" failures="0" errors="0" timestamp="2021-04-27T01:36:56" hostname="DESKTOP-4O0GAJ2" time="2.062">
  <properties/>
  <testcase name="testSongsRoute()" classname="com.example.songr.SongrApplicationTests" time="2.062"/>
  <system-out><![CDATA[04:36:46.913 [Test worker] DEBUG org.springframework.test.context.BootstrapUtils - Instantiating CacheAwareContextLoaderDelegate from class [org.springframework.test.context.cache.DefaultCacheAwareContextLoaderDelegate]
04:36:46.944 [Test worker] DEBUG org.springframework.test.context.BootstrapUtils - Instantiating BootstrapContext using constructor [public org.springframework.test.context.support.DefaultBootstrapContext(java.lang.Class,org.springframework.test.context.CacheAwareContextLoaderDelegate)]
04:36:47.006 [Test worker] DEBUG org.springframework.test.context.BootstrapUtils - Instantiating TestContextBootstrapper for test class [com.example.songr.SongrApplicationTests] from class [org.springframework.boot.test.context.SpringBootTestContextBootstrapper]
04:36:47.038 [Test worker] INFO org.springframework.boot.test.context.SpringBootTestContextBootstrapper - Neither @ContextConfiguration nor @ContextHierarchy found for test class [com.example.songr.SongrApplicationTests], using SpringBootContextLoader
04:36:47.038 [Test worker] DEBUG org.springframework.test.context.support.AbstractContextLoader - Did not detect default resource location for test class [com.example.songr.SongrApplicationTests]: class path resource [com/example/songr/SongrApplicationTests-context.xml] does not exist
04:36:47.038 [Test worker] DEBUG org.springframework.test.context.support.AbstractContextLoader - Did not detect default resource location for test class [com.example.songr.SongrApplicationTests]: class path resource [com/example/songr/SongrApplicationTestsContext.groovy] does not exist
04:36:47.038 [Test worker] INFO org.springframework.test.context.support.AbstractContextLoader - Could not detect default resource locations for test class [com.example.songr.SongrApplicationTests]: no resource found for suffixes {-context.xml, Context.groovy}.
04:36:47.038 [Test worker] INFO org.springframework.test.context.support.AnnotationConfigContextLoaderUtils - Could not detect default configuration classes for test class [com.example.songr.SongrApplicationTests]: SongrApplicationTests does not declare any static, non-private, non-final, nested classes annotated with @Configuration.
04:36:47.163 [Test worker] DEBUG org.springframework.test.context.support.ActiveProfilesUtils - Could not find an 'annotation declaring class' for annotation type [org.springframework.test.context.ActiveProfiles] and class [com.example.songr.SongrApplicationTests]
04:36:47.256 [Test worker] DEBUG org.springframework.context.annotation.ClassPathScanningCandidateComponentProvider - Identified candidate component class: file [C:\Users\Ace\Desktop\LTUC\songr\build\classes\java\main\com\example\songr\SongrApplication.class]
04:36:47.256 [Test worker] INFO org.springframework.boot.test.context.SpringBootTestContextBootstrapper - Found @SpringBootConfiguration com.example.songr.SongrApplication for test class com.example.songr.SongrApplicationTests
04:36:47.444 [Test worker] DEBUG org.springframework.boot.test.context.SpringBootTestContextBootstrapper - @TestExecutionListeners is not present for class [com.example.songr.SongrApplicationTests]: using defaults.
04:36:47.444 [Test worker] INFO org.springframework.boot.test.context.SpringBootTestContextBootstrapper - Loaded default TestExecutionListener class names from location [META-INF/spring.factories]: [org.springframework.boot.test.autoconfigure.restdocs.RestDocsTestExecutionListener, org.springframework.boot.test.autoconfigure.web.client.MockRestServiceServerResetTestExecutionListener, org.springframework.boot.test.autoconfigure.web.servlet.MockMvcPrintOnlyOnFailureTestExecutionListener, org.springframework.boot.test.autoconfigure.web.servlet.WebDriverTestExecutionListener, org.springframework.boot.test.autoconfigure.webservices.client.MockWebServiceServerTestExecutionListener, org.springframework.boot.test.mock.mockito.MockitoTestExecutionListener, org.springframework.boot.test.mock.mockito.ResetMocksTestExecutionListener, org.springframework.test.context.web.ServletTestExecutionListener, org.springframework.test.context.support.DirtiesContextBeforeModesTestExecutionListener, org.springframework.test.context.event.ApplicationEventsTestExecutionListener, org.springframework.test.context.support.DependencyInjectionTestExecutionListener, org.springframework.test.context.support.DirtiesContextTestExecutionListener, org.springframework.test.context.transaction.TransactionalTestExecutionListener, org.springframework.test.context.jdbc.SqlScriptsTestExecutionListener, org.springframework.test.context.event.EventPublishingTestExecutionListener]
04:36:47.491 [Test worker] INFO org.springframework.boot.test.context.SpringBootTestContextBootstrapper - Using TestExecutionListeners: [org.springframework.test.context.web.ServletTestExecutionListener@7146e9d8, org.springframework.test.context.support.DirtiesContextBeforeModesTestExecutionListener@88f6176e, org.springframework.test.context.event.ApplicationEventsTestExecutionListener@df7b9699, org.springframework.boot.test.mock.mockito.MockitoTestExecutionListener@8e23c7d9, org.springframework.boot.test.autoconfigure.SpringBootDependencyInjectionTestExecutionListener@7e62637f, org.springframework.test.context.support.DirtiesContextTestExecutionListener@694b690b, org.springframework.test.context.transaction.TransactionalTestExecutionListener@d62780b4, org.springframework.test.context.jdbc.SqlScriptsTestExecutionListener@7233619f, org.springframework.test.context.event.EventPublishingTestExecutionListener@84074a1, org.springframework.boot.test.autoconfigure.restdocs.RestDocsTestExecutionListener@73abeb53, org.springframework.boot.test.autoconfigure.web.client.MockRestServiceServerResetTestExecutionListener@4e3b4892, org.springframework.boot.test.autoconfigure.web.servlet.MockMvcPrintOnlyOnFailureTestExecutionListener@7dc12787, org.springframework.boot.test.autoconfigure.web.servlet.WebDriverTestExecutionListener@8a58b14c, org.springframework.boot.test.autoconfigure.webservices.client.MockWebServiceServerTestExecutionListener@369d7591, org.springframework.boot.test.mock.mockito.ResetMocksTestExecutionListener@f57f22ce]
04:36:47.506 [Test worker] DEBUG org.springframework.test.context.support.AbstractDirtiesContextTestExecutionListener - Before test class: context [DefaultTestContext@e29c6375 testClass = SongrApplicationTests, testInstance = [null], testMethod = [null], testException = [null], mergedContextConfiguration = [WebMergedContextConfiguration@c808e293 testClass = SongrApplicationTests, locations = '{}', classes = '{class com.example.songr.SongrApplication}', contextInitializerClasses = '[]', activeProfiles = '{}', propertySourceLocations = '{}', propertySourceProperties = '{org.springframework.boot.test.context.SpringBootTestContextBootstrapper=true}', contextCustomizers = set[org.springframework.boot.test.autoconfigure.actuate.metrics.MetricsExportContextCustomizerFactory$DisableMetricExportContextCustomizer@6ae4a976, org.springframework.boot.test.autoconfigure.properties.PropertyMappingContextCustomizer@4b3fa0b3, org.springframework.boot.test.autoconfigure.web.servlet.WebDriverContextCustomizerFactory$Customizer@7d3b5e52, [ImportsContextCustomizer@d4e47764 key = [org.springframework.boot.test.autoconfigure.web.servlet.MockMvcAutoConfiguration, org.springframework.boot.test.autoconfigure.web.servlet.MockMvcWebClientAutoConfiguration, org.springframework.boot.test.autoconfigure.web.servlet.MockMvcWebDriverAutoConfiguration, org.springframework.boot.autoconfigure.security.oauth2.client.servlet.OAuth2ClientAutoConfiguration, org.springframework.boot.autoconfigure.security.oauth2.resource.servlet.OAuth2ResourceServerAutoConfiguration, org.springframework.boot.autoconfigure.security.servlet.SecurityAutoConfiguration, org.springframework.boot.autoconfigure.security.servlet.SecurityFilterAutoConfiguration, org.springframework.boot.autoconfigure.security.servlet.UserDetailsServiceAutoConfiguration, org.springframework.boot.test.autoconfigure.web.servlet.MockMvcSecurityConfiguration]], org.springframework.boot.test.context.filter.ExcludeFilterContextCustomizer@8d04e5d7, org.springframework.boot.test.json.DuplicateJsonObjectContextCustomizerFactory$DuplicateJsonObjectContextCustomizer@95ea94f, org.springframework.boot.test.mock.mockito.MockitoContextCustomizer@0, org.springframework.boot.test.web.client.TestRestTemplateContextCustomizer@1ef969d2, org.springframework.boot.test.context.SpringBootTestArgs@1, org.springframework.boot.test.context.SpringBootTestWebEnvironment@ec1af050], resourceBasePath = 'src/main/webapp', contextLoader = 'org.springframework.boot.test.context.SpringBootContextLoader', parent = [null]], attributes = map['org.springframework.test.context.web.ServletTestExecutionListener.activateListener' -> true]], class annotated with @DirtiesContext [false] with mode [null].
04:36:47.569 [Test worker] DEBUG org.springframework.test.context.support.TestPropertySourceUtils - Adding inlined properties to environment: {spring.jmx.enabled=false, org.springframework.boot.test.context.SpringBootTestContextBootstrapper=true}

  .   ____          _            __ _ _
 /\\ / ___'_ __ _ _(_)_ __  __ _ \ \ \ \
( ( )\___ | '_ | '_| | '_ \/ _` | \ \ \ \
 \\/  ___)| |_)| | | | | || (_| |  ) ) ) )
  '  |____| .__|_| |_|_| |_\__, | / / / /
 =========|_|==============|___/=/_/_/_/
 :: Spring Boot ::                (v2.4.5)

2021-04-27 04:36:48.264  INFO 15224 --- [    Test worker] com.example.songr.SongrApplicationTests  : Starting SongrApplicationTests using Java 1.8.0_282 on DESKTOP-4O0GAJ2 with PID 15224 (started by Ace in C:\Users\Ace\Desktop\LTUC\songr)
2021-04-27 04:36:48.275  INFO 15224 --- [    Test worker] com.example.songr.SongrApplicationTests  : No active profile set, falling back to default profiles: default
2021-04-27 04:36:49.727  INFO 15224 --- [    Test worker] .s.d.r.c.RepositoryConfigurationDelegate : Bootstrapping Spring Data JPA repositories in DEFAULT mode.
2021-04-27 04:36:49.855  INFO 15224 --- [    Test worker] .s.d.r.c.RepositoryConfigurationDelegate : Finished Spring Data repository scanning in 107 ms. Found 2 JPA repository interfaces.
2021-04-27 04:36:51.036  INFO 15224 --- [    Test worker] o.hibernate.jpa.internal.util.LogHelper  : HHH000204: Processing PersistenceUnitInfo [name: default]
2021-04-27 04:36:51.146  INFO 15224 --- [    Test worker] org.hibernate.Version                    : HHH000412: Hibernate ORM core version 5.4.30.Final
2021-04-27 04:36:51.486  INFO 15224 --- [    Test worker] o.hibernate.annotations.common.Version   : HCANN000001: Hibernate Commons Annotations {5.1.2.Final}
2021-04-27 04:36:51.826  INFO 15224 --- [    Test worker] com.zaxxer.hikari.HikariDataSource       : HikariPool-1 - Starting...
2021-04-27 04:36:51.965  INFO 15224 --- [    Test worker] com.zaxxer.hikari.HikariDataSource       : HikariPool-1 - Start completed.
2021-04-27 04:36:52.035  INFO 15224 --- [    Test worker] org.hibernate.dialect.Dialect            : HHH000400: Using dialect: org.hibernate.dialect.PostgreSQL10Dialect
2021-04-27 04:36:53.558  INFO 15224 --- [    Test worker] o.h.e.t.j.p.i.JtaPlatformInitiator       : HHH000490: Using JtaPlatform implementation: [org.hibernate.engine.transaction.jta.platform.internal.NoJtaPlatform]
2021-04-27 04:36:53.579  INFO 15224 --- [    Test worker] j.LocalContainerEntityManagerFactoryBean : Initialized JPA EntityManagerFactory for persistence unit 'default'
2021-04-27 04:36:54.700  WARN 15224 --- [    Test worker] JpaBaseConfiguration$JpaWebConfiguration : spring.jpa.open-in-view is enabled by default. Therefore, database queries may be performed during view rendering. Explicitly configure spring.jpa.open-in-view to disable this warning
2021-04-27 04:36:55.210  INFO 15224 --- [    Test worker] o.s.s.concurrent.ThreadPoolTaskExecutor  : Initializing ExecutorService 'applicationTaskExecutor'
2021-04-27 04:36:55.435  INFO 15224 --- [    Test worker] o.s.b.a.w.s.WelcomePageHandlerMapping    : Adding welcome page: class path resource [static/index.html]
2021-04-27 04:36:56.188  INFO 15224 --- [    Test worker] o.s.b.t.m.w.SpringBootMockServletContext : Initializing Spring TestDispatcherServlet ''
2021-04-27 04:36:56.188  INFO 15224 --- [    Test worker] o.s.t.web.servlet.TestDispatcherServlet  : Initializing Servlet ''
2021-04-27 04:36:56.191  INFO 15224 --- [    Test worker] o.s.t.web.servlet.TestDispatcherServlet  : Completed initialization in 3 ms
2021-04-27 04:36:56.290  INFO 15224 --- [    Test worker] com.example.songr.SongrApplicationTests  : Started SongrApplicationTests in 8.691 seconds (JVM running for 11.768)

MockHttpServletRequest:
      HTTP Method = GET
      Request URI = /songs
       Parameters = {}
          Headers = []
             Body = null
    Session Attrs = {}

Handler:
             Type = com.example.songr.controllers.SongController
           Method = com.example.songr.controllers.SongController#getSongRepository(Model)

Async:
    Async started = false
     Async result = null

Resolved Exception:
             Type = null

ModelAndView:
        View name = songs.html
             View = null
        Attribute = songs
            value = [com.example.songr.models.Song@49ee1da2, com.example.songr.models.Song@6f398466, com.example.songr.models.Song@a7969417, com.example.songr.models.Song@a9a4675a, com.example.songr.models.Song@bc68ff84, com.example.songr.models.Song@12f7e87]

FlashMap:
       Attributes = null

MockHttpServletResponse:
           Status = 200
    Error message = null
          Headers = [Content-Language:"en", Content-Type:"text/html;charset=UTF-8"]
     Content type = text/html;charset=UTF-8
             Body = <!DOCTYPE html>
<html lang="en">
<head>
    <meta charset="UTF-8">
    <title>Songr</title>
    <link rel="stylesheet" href="/webjars/bootstrap/4.0.0-2/css/bootstrap.min.css"/>
</head>
<body>

<div class="container">
    <div class="row">
        <div class="col-md-12">
            <h3 class="text-center text-info">
                All Songs
            </h3>
        </div>
    </div>


    <div class="row">
        <div class="col-md-12">
            <table class="table table-striped table-hover">
                <thead>
                <tr>
                    <th>
                        #
                    </th>
                    <th>
                        Song Title:
                    </th>
                    <th>
                        Song Length:
                    </th>
                    <th>
                        Song Track Number:
                    </th>


                </tr>
                </thead>
                <tbody>
                <tr>

                    <td>1</td>

                    <td>2</td>
                    <td>3</td>
                    <td>a</td>
                </tr>
                <tr>

                    <td>2</td>

                    <td>dd</td>
                    <td>22</td>
                    <td>ds</td>
                </tr>
                <tr>

                    <td>3</td>

                    <td>dd</td>
                    <td>2222</td>
                    <td>d1s</td>
                </tr>
                <tr>

                    <td>4</td>

                    <td>ana</td>
                    <td>22</td>
                    <td>3</td>
                </tr>
                <tr>

                    <td>5</td>

                    <td>12</td>
                    <td>3</td>
                    <td>2</td>
                </tr>
                <tr>

                    <td>6</td>

                    <td>hahahah</td>
                    <td>25</td>
                    <td>11</td>
                </tr>
                </tbody>
            </table>
        </div>
    </div>
</div>
</div>
<script src="/webjars/jquery/3.0.0/jquery.min.js"></script>
<script src="/webjars/popper.js/1.12.9-1/umd/popper.min.js"></script>
<script src="/webjars/bootstrap/4.0.0-2/js/bootstrap.min.js"></script>
</body>
</html>
    Forwarded URL = null
   Redirected URL = null
          Cookies = []
]]></system-out>
  <system-err><![CDATA[]]></system-err>
</testsuite>
